c:\users\mypc\desktop\step academy\oop\project\flight_ticket\flight_ticket\x64\debug\vc143.pdb
c:\users\mypc\desktop\step academy\oop\project\flight_ticket\flight_ticket\x64\debug\vc143.idb
c:\users\mypc\desktop\step academy\oop\project\flight_ticket\flight_ticket\x64\debug\usermanager.obj
c:\users\mypc\desktop\step academy\oop\project\flight_ticket\flight_ticket\x64\debug\user.obj
c:\users\mypc\desktop\step academy\oop\project\flight_ticket\flight_ticket\x64\debug\runapp.obj
c:\users\mypc\desktop\step academy\oop\project\flight_ticket\flight_ticket\x64\debug\flight.obj
c:\users\mypc\desktop\step academy\oop\project\flight_ticket\flight_ticket\x64\debug\main.obj
c:\users\mypc\desktop\step academy\oop\project\flight_ticket\flight_ticket\x64\debug\firstclass.obj
c:\users\mypc\desktop\step academy\oop\project\flight_ticket\flight_ticket\x64\debug\economyclass.obj
c:\users\mypc\desktop\step academy\oop\project\flight_ticket\flight_ticket\x64\debug\companyflight.obj
c:\users\mypc\desktop\step academy\oop\project\flight_ticket\flight_ticket\x64\debug\companydeo.obj
c:\users\mypc\desktop\step academy\oop\project\flight_ticket\flight_ticket\x64\debug\businessclass.obj
c:\users\mypc\desktop\step academy\oop\project\flight_ticket\flight_ticket\x64\debug\project.ilk
c:\users\mypc\desktop\step academy\oop\project\flight_ticket\x64\debug\project.exe
c:\users\mypc\desktop\step academy\oop\project\flight_ticket\x64\debug\project.pdb
c:\users\mypc\desktop\step academy\oop\project\flight_ticket\flight_ticket\x64\debug\project.tlog\cl.command.1.tlog
c:\users\mypc\desktop\step academy\oop\project\flight_ticket\flight_ticket\x64\debug\project.tlog\cl.read.1.tlog
c:\users\mypc\desktop\step academy\oop\project\flight_ticket\flight_ticket\x64\debug\project.tlog\cl.write.1.tlog
c:\users\mypc\desktop\step academy\oop\project\flight_ticket\flight_ticket\x64\debug\project.tlog\link.command.1.tlog
c:\users\mypc\desktop\step academy\oop\project\flight_ticket\flight_ticket\x64\debug\project.tlog\link.read.1.tlog
c:\users\mypc\desktop\step academy\oop\project\flight_ticket\flight_ticket\x64\debug\project.tlog\link.write.1.tlog
